0 silly input [ 'build' ]
1 silly flags { _: [ 'run' ],
1 silly flags   'reject-cycles': false,
1 silly flags   rejectCycles: false,
1 silly flags   stream: true,
1 silly flags   concurrency: 1,
1 silly flags   script: 'build',
1 silly flags   args: [] }
2 verbose rootPath C:\Users\ioan6\Desktop\aragon\wetonomy
3 info version 2.11.0
4 silly existsSync C:\Users\ioan6\Desktop\aragon\wetonomy\VERSION
5 info versioning independent
6 silly initialize attempt
7 silly initialize success
8 silly execute attempt
9 silly runScriptInPackageStreaming [ 'build', [], 'wetonomy-members' ]
10 silly getExecOpts { cwd: 'C:\\Users\\ioan6\\Desktop\\aragon\\wetonomy\\apps\\members' }
11 silly runScriptInPackageStreaming [ 'build', [], 'wetonomy-timetracking' ]
12 silly getExecOpts { cwd: 'C:\\Users\\ioan6\\Desktop\\aragon\\wetonomy\\apps\\timetracking' }
13 silly runScriptInPackageStreaming [ 'build', [], 'members-client' ]
14 silly getExecOpts { cwd: 'C:\\Users\\ioan6\\Desktop\\aragon\\wetonomy\\apps\\members\\app' }
15 error execute callback with error
16 error Error: Command failed: npm run build
16 error 'copy-aragon-ui-assets' is not recognized as an internal or external command,
16 error operable program or batch file.
16 error npm ERR! code ELIFECYCLE
16 error npm ERR! errno 1
16 error npm ERR! members-client@0.1.0 sync-assets: `copy-aragon-ui-assets ./public`
16 error npm ERR! Exit status 1
16 error npm ERR!
16 error npm ERR! Failed at the members-client@0.1.0 sync-assets script.
16 error npm ERR! This is probably not a problem with npm. There is likely additional logging output above.
16 error npm WARN Local package.json exists, but node_modules missing, did you mean to install?
16 error
16 error npm ERR! A complete log of this run can be found in:
16 error npm ERR!     C:\Users\ioan6\AppData\Roaming\npm-cache\_logs\2018-07-14T09_50_25_734Z-debug.log
16 error npm ERR! code ELIFECYCLE
16 error npm ERR! errno 1
16 error npm ERR! members-client@0.1.0 build: `npm run sync-assets && react-scripts build`
16 error npm ERR! Exit status 1
16 error npm ERR!
16 error npm ERR! Failed at the members-client@0.1.0 build script.
16 error npm ERR! This is probably not a problem with npm. There is likely additional logging output above.
16 error npm WARN Local package.json exists, but node_modules missing, did you mean to install?
16 error
16 error npm ERR! A complete log of this run can be found in:
16 error npm ERR!     C:\Users\ioan6\AppData\Roaming\npm-cache\_logs\2018-07-14T09_50_25_751Z-debug.log
16 error
16 error
16 error > members-client@0.1.0 build C:\Users\ioan6\Desktop\aragon\wetonomy\apps\members\app
16 error > npm run sync-assets && react-scripts build
16 error
16 error
16 error > members-client@0.1.0 sync-assets C:\Users\ioan6\Desktop\aragon\wetonomy\apps\members\app
16 error > copy-aragon-ui-assets ./public
16 error
16 error
16 error     at Promise.all.then.arr (C:\Users\ioan6\AppData\Roaming\npm\node_modules\lerna\node_modules\execa\index.js:236:11)
16 error     at <anonymous>
